Flow report for Ej1_T5
Thu Jun 01 18:23:22 2023
Quartus Prime Version 17.1.1 Internal Build 593 12/11/2017 SJ Standard Edition


---------------------
; Table of Contents ;
---------------------
  1. Legal Notice
  2. Flow Summary
  3. Flow Settings
  4. Flow Non-Default Global Settings
  5. Flow Elapsed Time
  6. Flow OS Summary
  7. Flow Log
  8. Flow Messages
  9. Flow Suppressed Messages



----------------
; Legal Notice ;
----------------
Copyright (C) 2017  Intel Corporation. All rights reserved.
Your use of Intel Corporation's design tools, logic functions 
and other software and tools, and its AMPP partner logic 
functions, and any output files from any of the foregoing 
(including device programming or simulation files), and any 
associated documentation or information are expressly subject 
to the terms and conditions of the Intel Program License 
Subscription Agreement, the Intel Quartus Prime License Agreement,
the Intel FPGA IP License Agreement, or other applicable license
agreement, including, without limitation, that your use is for
the sole purpose of programming logic devices manufactured by
Intel and sold by Intel or its authorized distributors.  Please
refer to the applicable agreement for further details.



+--------------------------------------------------------------------------------------------+
; Flow Summary                                                                               ;
+---------------------------------+----------------------------------------------------------+
; Flow Status                     ; Successful - Thu Jun 01 18:23:22 2023                    ;
; Quartus Prime Version           ; 17.1.1 Internal Build 593 12/11/2017 SJ Standard Edition ;
; Revision Name                   ; Ej1_T5                                                   ;
; Top-level Entity Name           ; semaforo                                                 ;
; Family                          ; Cyclone V                                                ;
; Device                          ; 5CGXFC7C7F23C8                                           ;
; Timing Models                   ; Final                                                    ;
; Logic utilization (in ALMs)     ; 10 / 56,480 ( < 1 % )                                    ;
; Total registers                 ; 14                                                       ;
; Total pins                      ; 8 / 268 ( 3 % )                                          ;
; Total virtual pins              ; 0                                                        ;
; Total block memory bits         ; 0 / 7,024,640 ( 0 % )                                    ;
; Total DSP Blocks                ; 0 / 156 ( 0 % )                                          ;
; Total HSSI RX PCSs              ; 0 / 6 ( 0 % )                                            ;
; Total HSSI PMA RX Deserializers ; 0 / 6 ( 0 % )                                            ;
; Total HSSI TX PCSs              ; 0 / 6 ( 0 % )                                            ;
; Total HSSI PMA TX Serializers   ; 0 / 6 ( 0 % )                                            ;
; Total PLLs                      ; 0 / 13 ( 0 % )                                           ;
; Total DLLs                      ; 0 / 4 ( 0 % )                                            ;
+---------------------------------+----------------------------------------------------------+


+-----------------------------------------+
; Flow Settings                           ;
+-------------------+---------------------+
; Option            ; Setting             ;
+-------------------+---------------------+
; Start date & time ; 06/01/2023 18:22:05 ;
; Main task         ; Compilation         ;
; Revision Name     ; Ej1_T5              ;
+-------------------+---------------------+


+------------------------------------------------------------------------------------------------------------------------------+
; Flow Non-Default Global Settings                                                                                             ;
+--------------------------------------+----------------------------------------+---------------+-------------+----------------+
; Assignment Name                      ; Value                                  ; Default Value ; Entity Name ; Section Id     ;
+--------------------------------------+----------------------------------------+---------------+-------------+----------------+
; COMPILER_SIGNATURE_ID                ; 57277343213831.168563652508656         ; --            ; --          ; --             ;
; EDA_DESIGN_INSTANCE_NAME             ; NA                                     ; --            ; --          ; tb_semaforo.v  ;
; EDA_NATIVELINK_SIMULATION_TEST_BENCH ; tb_semaforo.v                          ; --            ; --          ; eda_simulation ;
; EDA_OUTPUT_DATA_FORMAT               ; Verilog Hdl                            ; --            ; --          ; eda_simulation ;
; EDA_SIMULATION_TOOL                  ; ModelSim-Altera (Verilog)              ; <None>        ; --          ; --             ;
; EDA_TEST_BENCH_ENABLE_STATUS         ; TEST_BENCH_MODE                        ; --            ; --          ; eda_simulation ;
; EDA_TEST_BENCH_FILE                  ; tb_semaforo.v                          ; --            ; --          ; tb_semaforo.v  ;
; EDA_TEST_BENCH_MODULE_NAME           ; tb_semaforo.v                          ; --            ; --          ; tb_semaforo.v  ;
; EDA_TEST_BENCH_NAME                  ; tb_semaforo.v                          ; --            ; --          ; eda_simulation ;
; EDA_TIME_SCALE                       ; 1 ps                                   ; --            ; --          ; eda_simulation ;
; MAX_CORE_JUNCTION_TEMP               ; 85                                     ; --            ; --          ; --             ;
; MIN_CORE_JUNCTION_TEMP               ; 0                                      ; --            ; --          ; --             ;
; PARTITION_COLOR                      ; -- (Not supported for targeted family) ; --            ; semaforo    ; Top            ;
; PARTITION_FITTER_PRESERVATION_LEVEL  ; -- (Not supported for targeted family) ; --            ; semaforo    ; Top            ;
; PARTITION_NETLIST_TYPE               ; -- (Not supported for targeted family) ; --            ; semaforo    ; Top            ;
; POWER_BOARD_THERMAL_MODEL            ; None (CONSERVATIVE)                    ; --            ; --          ; --             ;
; POWER_PRESET_COOLING_SOLUTION        ; 23 MM HEAT SINK WITH 200 LFPM AIRFLOW  ; --            ; --          ; --             ;
; PROJECT_OUTPUT_DIRECTORY             ; output_files                           ; --            ; --          ; --             ;
; TOP_LEVEL_ENTITY                     ; semaforo                               ; Ej1_T5        ; --          ; --             ;
+--------------------------------------+----------------------------------------+---------------+-------------+----------------+


+-------------------------------------------------------------------------------------------------------------------------------+
; Flow Elapsed Time                                                                                                             ;
+---------------------------+--------------+-------------------------+---------------------+------------------------------------+
; Module Name               ; Elapsed Time ; Average Processors Used ; Peak Virtual Memory ; Total CPU Time (on all processors) ;
+---------------------------+--------------+-------------------------+---------------------+------------------------------------+
; Analysis & Synthesis      ; 00:00:12     ; 1.0                     ; 4827 MB             ; 00:00:23                           ;
; Fitter                    ; 00:00:33     ; 1.0                     ; 6721 MB             ; 00:00:52                           ;
; Assembler                 ; 00:00:11     ; 1.0                     ; 4823 MB             ; 00:00:08                           ;
; TimeQuest Timing Analyzer ; 00:00:09     ; 1.0                     ; 5141 MB             ; 00:00:05                           ;
; EDA Netlist Writer        ; 00:00:02     ; 1.0                     ; 4731 MB             ; 00:00:01                           ;
; Total                     ; 00:01:07     ; --                      ; --                  ; 00:01:29                           ;
+---------------------------+--------------+-------------------------+---------------------+------------------------------------+


+-----------------------------------------------------------------------------------------+
; Flow OS Summary                                                                         ;
+---------------------------+------------------+------------+------------+----------------+
; Module Name               ; Machine Hostname ; OS Name    ; OS Version ; Processor type ;
+---------------------------+------------------+------------+------------+----------------+
; Analysis & Synthesis      ; microe04         ; Windows 10 ; 10.0       ; x86_64         ;
; Fitter                    ; microe04         ; Windows 10 ; 10.0       ; x86_64         ;
; Assembler                 ; microe04         ; Windows 10 ; 10.0       ; x86_64         ;
; TimeQuest Timing Analyzer ; microe04         ; Windows 10 ; 10.0       ; x86_64         ;
; EDA Netlist Writer        ; microe04         ; Windows 10 ; 10.0       ; x86_64         ;
+---------------------------+------------------+------------+------------+----------------+


------------
; Flow Log ;
------------
quartus_map --read_settings_files=on --write_settings_files=off Ej1_T5 -c Ej1_T5
quartus_fit --read_settings_files=off --write_settings_files=off Ej1_T5 -c Ej1_T5
quartus_asm --read_settings_files=off --write_settings_files=off Ej1_T5 -c Ej1_T5
quartus_sta Ej1_T5 -c Ej1_T5
quartus_eda --read_settings_files=off --write_settings_files=off Ej1_T5 -c Ej1_T5



