Flow report for Prac4
Wed May 24 12:42:41 2023
Quartus Prime Version 17.1.1 Internal Build 593 12/11/2017 SJ Standard Edition


---------------------
; Table of Contents ;
---------------------
  1. Legal Notice
  2. Flow Summary
  3. Flow Settings
  4. Flow Non-Default Global Settings
  5. Flow Elapsed Time
  6. Flow OS Summary
  7. Flow Log
  8. Flow Messages
  9. Flow Suppressed Messages



----------------
; Legal Notice ;
----------------
Copyright (C) 2017  Intel Corporation. All rights reserved.
Your use of Intel Corporation's design tools, logic functions 
and other software and tools, and its AMPP partner logic 
functions, and any output files from any of the foregoing 
(including device programming or simulation files), and any 
associated documentation or information are expressly subject 
to the terms and conditions of the Intel Program License 
Subscription Agreement, the Intel Quartus Prime License Agreement,
the Intel FPGA IP License Agreement, or other applicable license
agreement, including, without limitation, that your use is for
the sole purpose of programming logic devices manufactured by
Intel and sold by Intel or its authorized distributors.  Please
refer to the applicable agreement for further details.



+--------------------------------------------------------------------------------------------+
; Flow Summary                                                                               ;
+---------------------------------+----------------------------------------------------------+
; Flow Status                     ; Successful - Wed May 24 12:42:32 2023                    ;
; Quartus Prime Version           ; 17.1.1 Internal Build 593 12/11/2017 SJ Standard Edition ;
; Revision Name                   ; Prac4                                                    ;
; Top-level Entity Name           ; COUNT80                                                  ;
; Family                          ; Cyclone V                                                ;
; Device                          ; 5CGXFC7C7F23C8                                           ;
; Timing Models                   ; Final                                                    ;
; Logic utilization (in ALMs)     ; 7 / 56,480 ( < 1 % )                                     ;
; Total registers                 ; 7                                                        ;
; Total pins                      ; 11 / 268 ( 4 % )                                         ;
; Total virtual pins              ; 0                                                        ;
; Total block memory bits         ; 0 / 7,024,640 ( 0 % )                                    ;
; Total DSP Blocks                ; 0 / 156 ( 0 % )                                          ;
; Total HSSI RX PCSs              ; 0 / 6 ( 0 % )                                            ;
; Total HSSI PMA RX Deserializers ; 0 / 6 ( 0 % )                                            ;
; Total HSSI TX PCSs              ; 0 / 6 ( 0 % )                                            ;
; Total HSSI PMA TX Serializers   ; 0 / 6 ( 0 % )                                            ;
; Total PLLs                      ; 0 / 13 ( 0 % )                                           ;
; Total DLLs                      ; 0 / 4 ( 0 % )                                            ;
+---------------------------------+----------------------------------------------------------+


+-----------------------------------------+
; Flow Settings                           ;
+-------------------+---------------------+
; Option            ; Setting             ;
+-------------------+---------------------+
; Start date & time ; 05/24/2023 12:41:27 ;
; Main task         ; Compilation         ;
; Revision Name     ; Prac4               ;
+-------------------+---------------------+


+-------------------------------------------------------------------------------------------------------------------------+
; Flow Non-Default Global Settings                                                                                        ;
+-------------------------------------+----------------------------------------+---------------+-------------+------------+
; Assignment Name                     ; Value                                  ; Default Value ; Entity Name ; Section Id ;
+-------------------------------------+----------------------------------------+---------------+-------------+------------+
; COMPILER_SIGNATURE_ID               ; 335035089615.168492488706820           ; --            ; --          ; --         ;
; MAX_CORE_JUNCTION_TEMP              ; 85                                     ; --            ; --          ; --         ;
; MIN_CORE_JUNCTION_TEMP              ; 0                                      ; --            ; --          ; --         ;
; PARTITION_COLOR                     ; -- (Not supported for targeted family) ; --            ; COUNT80     ; Top        ;
; PARTITION_FITTER_PRESERVATION_LEVEL ; -- (Not supported for targeted family) ; --            ; COUNT80     ; Top        ;
; PARTITION_NETLIST_TYPE              ; -- (Not supported for targeted family) ; --            ; COUNT80     ; Top        ;
; PROJECT_OUTPUT_DIRECTORY            ; output_files                           ; --            ; --          ; --         ;
; TOP_LEVEL_ENTITY                    ; COUNT80                                ; Prac4         ; --          ; --         ;
+-------------------------------------+----------------------------------------+---------------+-------------+------------+


+-------------------------------------------------------------------------------------------------------------------------------+
; Flow Elapsed Time                                                                                                             ;
+---------------------------+--------------+-------------------------+---------------------+------------------------------------+
; Module Name               ; Elapsed Time ; Average Processors Used ; Peak Virtual Memory ; Total CPU Time (on all processors) ;
+---------------------------+--------------+-------------------------+---------------------+------------------------------------+
; Analysis & Synthesis      ; 00:00:14     ; 1.0                     ; 4847 MB             ; 00:00:18                           ;
; Fitter                    ; 00:00:35     ; 1.0                     ; 6921 MB             ; 00:01:19                           ;
; Assembler                 ; 00:00:10     ; 1.0                     ; 4823 MB             ; 00:00:06                           ;
; TimeQuest Timing Analyzer ; 00:00:08     ; 1.0                     ; 5164 MB             ; 00:00:04                           ;
; Total                     ; 00:01:07     ; --                      ; --                  ; 00:01:47                           ;
+---------------------------+--------------+-------------------------+---------------------+------------------------------------+


+-----------------------------------------------------------------------------------------+
; Flow OS Summary                                                                         ;
+---------------------------+------------------+------------+------------+----------------+
; Module Name               ; Machine Hostname ; OS Name    ; OS Version ; Processor type ;
+---------------------------+------------------+------------+------------+----------------+
; Analysis & Synthesis      ; dise15           ; Windows 10 ; 10.0       ; x86_64         ;
; Fitter                    ; dise15           ; Windows 10 ; 10.0       ; x86_64         ;
; Assembler                 ; dise15           ; Windows 10 ; 10.0       ; x86_64         ;
; TimeQuest Timing Analyzer ; dise15           ; Windows 10 ; 10.0       ; x86_64         ;
+---------------------------+------------------+------------+------------+----------------+


------------
; Flow Log ;
------------
quartus_map --read_settings_files=on --write_settings_files=off Prac4 -c Prac4
quartus_fit --read_settings_files=off --write_settings_files=off Prac4 -c Prac4
quartus_asm --read_settings_files=off --write_settings_files=off Prac4 -c Prac4
quartus_sta Prac4 -c Prac4



