Flow report for prac2
Sat Apr 01 19:37:16 2023
Quartus Prime Version 17.1.1 Internal Build 593 12/11/2017 SJ Standard Edition


---------------------
; Table of Contents ;
---------------------
  1. Legal Notice
  2. Flow Summary
  3. Flow Settings
  4. Flow Non-Default Global Settings
  5. Flow Elapsed Time
  6. Flow OS Summary
  7. Flow Log
  8. Flow Messages
  9. Flow Suppressed Messages



----------------
; Legal Notice ;
----------------
Copyright (C) 2017  Intel Corporation. All rights reserved.
Your use of Intel Corporation's design tools, logic functions 
and other software and tools, and its AMPP partner logic 
functions, and any output files from any of the foregoing 
(including device programming or simulation files), and any 
associated documentation or information are expressly subject 
to the terms and conditions of the Intel Program License 
Subscription Agreement, the Intel Quartus Prime License Agreement,
the Intel FPGA IP License Agreement, or other applicable license
agreement, including, without limitation, that your use is for
the sole purpose of programming logic devices manufactured by
Intel and sold by Intel or its authorized distributors.  Please
refer to the applicable agreement for further details.



+-----------------------------------------------------------------------------------------------+
; Flow Summary                                                                                  ;
+------------------------------------+----------------------------------------------------------+
; Flow Status                        ; Successful - Sat Apr 01 19:37:15 2023                    ;
; Quartus Prime Version              ; 17.1.1 Internal Build 593 12/11/2017 SJ Standard Edition ;
; Revision Name                      ; prac2                                                    ;
; Top-level Entity Name              ; LCD_SYNC                                                 ;
; Family                             ; Cyclone IV E                                             ;
; Device                             ; EP4CE115F29C7                                            ;
; Timing Models                      ; Final                                                    ;
; Total logic elements               ; 45                                                       ;
;     Total combinational functions  ; 45                                                       ;
;     Dedicated logic registers      ; 21                                                       ;
; Total registers                    ; 21                                                       ;
; Total pins                         ; 28                                                       ;
; Total virtual pins                 ; 0                                                        ;
; Total memory bits                  ; 0                                                        ;
; Embedded Multiplier 9-bit elements ; 0                                                        ;
; Total PLLs                         ; 1                                                        ;
+------------------------------------+----------------------------------------------------------+


+-----------------------------------------+
; Flow Settings                           ;
+-------------------+---------------------+
; Option            ; Setting             ;
+-------------------+---------------------+
; Start date & time ; 04/01/2023 19:36:55 ;
; Main task         ; Compilation         ;
; Revision Name     ; prac2               ;
+-------------------+---------------------+


+---------------------------------------------------------------------------------------------------------------------------------+
; Flow Non-Default Global Settings                                                                                                ;
+--------------------------------------+----------------------------------------+---------------+-------------+-------------------+
; Assignment Name                      ; Value                                  ; Default Value ; Entity Name ; Section Id        ;
+--------------------------------------+----------------------------------------+---------------+-------------+-------------------+
; COMPILER_SIGNATURE_ID                ; 345042518393.168037061413260           ; --            ; --          ; --                ;
; EDA_DESIGN_INSTANCE_NAME             ; NA                                     ; --            ; --          ; tb_COUNT          ;
; EDA_DESIGN_INSTANCE_NAME             ; NA                                     ; --            ; --          ; tb_BARRAS_LCD     ;
; EDA_DESIGN_INSTANCE_NAME             ; NA                                     ; --            ; --          ; tb_IMAGEN_LCD     ;
; EDA_DESIGN_INSTANCE_NAME             ; NA                                     ; --            ; --          ; tb_FRASE_LCD      ;
; EDA_DESIGN_INSTANCE_NAME             ; NA                                     ; --            ; --          ; tb_LCD_SYNC       ;
; EDA_DESIGN_INSTANCE_NAME             ; NA                                     ; --            ; --          ; tb_CARACTERES_LCD ;
; EDA_NATIVELINK_SIMULATION_TEST_BENCH ; tb_FRASE_LCD                           ; --            ; --          ; eda_simulation    ;
; EDA_OUTPUT_DATA_FORMAT               ; Verilog Hdl                            ; --            ; --          ; eda_simulation    ;
; EDA_SIMULATION_TOOL                  ; ModelSim-Altera (Verilog)              ; <None>        ; --          ; --                ;
; EDA_TEST_BENCH_ENABLE_STATUS         ; TEST_BENCH_MODE                        ; --            ; --          ; eda_simulation    ;
; EDA_TEST_BENCH_FILE                  ; tb_COUNT.v                             ; --            ; --          ; tb_COUNT          ;
; EDA_TEST_BENCH_FILE                  ; tb_BARRAS_LCD.v                        ; --            ; --          ; tb_BARRAS_LCD     ;
; EDA_TEST_BENCH_FILE                  ; tb_IMAGEN_LCD.v                        ; --            ; --          ; tb_IMAGEN_LCD     ;
; EDA_TEST_BENCH_FILE                  ; tb_FRASE_LCD.v                         ; --            ; --          ; tb_FRASE_LCD      ;
; EDA_TEST_BENCH_FILE                  ; tb_LCD_SYNC.v                          ; --            ; --          ; tb_LCD_SYNC       ;
; EDA_TEST_BENCH_FILE                  ; tb_CARACTERES_LCD.v                    ; --            ; --          ; tb_CARACTERES_LCD ;
; EDA_TEST_BENCH_MODULE_NAME           ; tb_COUNT                               ; --            ; --          ; tb_COUNT          ;
; EDA_TEST_BENCH_MODULE_NAME           ; tb_BARRAS_LCD                          ; --            ; --          ; tb_BARRAS_LCD     ;
; EDA_TEST_BENCH_MODULE_NAME           ; tb_IMAGEN_LCD                          ; --            ; --          ; tb_IMAGEN_LCD     ;
; EDA_TEST_BENCH_MODULE_NAME           ; tb_FRASE_LCD                           ; --            ; --          ; tb_FRASE_LCD      ;
; EDA_TEST_BENCH_MODULE_NAME           ; tb_LCD_SYNC                            ; --            ; --          ; tb_LCD_SYNC       ;
; EDA_TEST_BENCH_MODULE_NAME           ; tb_CARACTERES_LCD                      ; --            ; --          ; tb_CARACTERES_LCD ;
; EDA_TEST_BENCH_NAME                  ; tb_COUNT                               ; --            ; --          ; eda_simulation    ;
; EDA_TEST_BENCH_NAME                  ; tb_LCD_SYNC                            ; --            ; --          ; eda_simulation    ;
; EDA_TEST_BENCH_NAME                  ; tb_BARRAS_LCD                          ; --            ; --          ; eda_simulation    ;
; EDA_TEST_BENCH_NAME                  ; tb_IMAGEN_LCD                          ; --            ; --          ; eda_simulation    ;
; EDA_TEST_BENCH_NAME                  ; tb_CARACTERES_LCD                      ; --            ; --          ; eda_simulation    ;
; EDA_TEST_BENCH_NAME                  ; tb_FRASE_LCD                           ; --            ; --          ; eda_simulation    ;
; EDA_TIME_SCALE                       ; 1 ps                                   ; --            ; --          ; eda_simulation    ;
; MAX_CORE_JUNCTION_TEMP               ; 85                                     ; --            ; --          ; --                ;
; MIN_CORE_JUNCTION_TEMP               ; 0                                      ; --            ; --          ; --                ;
; MISC_FILE                            ; pll_ltm_inst.v                         ; --            ; --          ; --                ;
; MISC_FILE                            ; pll_ltm_bb.v                           ; --            ; --          ; --                ;
; MISC_FILE                            ; pll_ltm.ppf                            ; --            ; --          ; --                ;
; MISC_FILE                            ; ROM_image_inst.v                       ; --            ; --          ; --                ;
; MISC_FILE                            ; ROM_image_bb.v                         ; --            ; --          ; --                ;
; MISC_FILE                            ; ROM_char_inst.v                        ; --            ; --          ; --                ;
; MISC_FILE                            ; ROM_char_bb.v                          ; --            ; --          ; --                ;
; MISC_FILE                            ; TEXTO_inst.v                           ; --            ; --          ; --                ;
; MISC_FILE                            ; TEXTO_bb.v                             ; --            ; --          ; --                ;
; NOMINAL_CORE_SUPPLY_VOLTAGE          ; 1.2V                                   ; --            ; --          ; --                ;
; PARTITION_COLOR                      ; -- (Not supported for targeted family) ; --            ; LCD_SYNC    ; Top               ;
; PARTITION_FITTER_PRESERVATION_LEVEL  ; -- (Not supported for targeted family) ; --            ; LCD_SYNC    ; Top               ;
; PARTITION_NETLIST_TYPE               ; -- (Not supported for targeted family) ; --            ; LCD_SYNC    ; Top               ;
; POWER_BOARD_THERMAL_MODEL            ; None (CONSERVATIVE)                    ; --            ; --          ; --                ;
; POWER_PRESET_COOLING_SOLUTION        ; 23 MM HEAT SINK WITH 200 LFPM AIRFLOW  ; --            ; --          ; --                ;
; PROJECT_OUTPUT_DIRECTORY             ; output_files                           ; --            ; --          ; --                ;
; TOP_LEVEL_ENTITY                     ; LCD_SYNC                               ; prac2         ; --          ; --                ;
+--------------------------------------+----------------------------------------+---------------+-------------+-------------------+


+--------------------------------------------------------------------------------------------------------------------------+
; Flow Elapsed Time                                                                                                        ;
+----------------------+--------------+-------------------------+---------------------+------------------------------------+
; Module Name          ; Elapsed Time ; Average Processors Used ; Peak Virtual Memory ; Total CPU Time (on all processors) ;
+----------------------+--------------+-------------------------+---------------------+------------------------------------+
; Analysis & Synthesis ; 00:00:36     ; 1.0                     ; 726 MB              ; 00:00:29                           ;
; Total                ; 00:00:36     ; --                      ; --                  ; 00:00:29                           ;
+----------------------+--------------+-------------------------+---------------------+------------------------------------+


+------------------------------------------------------------------------------------+
; Flow OS Summary                                                                    ;
+----------------------+------------------+------------+------------+----------------+
; Module Name          ; Machine Hostname ; OS Name    ; OS Version ; Processor type ;
+----------------------+------------------+------------+------------+----------------+
; Analysis & Synthesis ; master-wetsit    ; Windows 10 ; 10.0       ; x86_64         ;
+----------------------+------------------+------------+------------+----------------+


------------
; Flow Log ;
------------
quartus_map --read_settings_files=on --write_settings_files=off prac2 -c prac2



